[{"line":1,"elements":[{"line":3,"name":"","description":"","type":"background","keyword":"Background","steps":[{"result":{"error_message":"io.cucumber.core.exception.CucumberException: Failed to instantiate class stepdefinitions.TC01_StepDefs\r\n\tat io.cucumber.core.backend.DefaultObjectFactory.cacheNewInstance(DefaultObjectFactory.java:67)\r\n\tat io.cucumber.core.backend.DefaultObjectFactory.getInstance(DefaultObjectFactory.java:45)\r\n\tat io.cucumber.java.AbstractGlueDefinition.invokeMethod(AbstractGlueDefinition.java:47)\r\n\tat io.cucumber.java.JavaStepDefinition.execute(JavaStepDefinition.java:29)\r\n\tat io.cucumber.core.runner.CoreStepDefinition.execute(CoreStepDefinition.java:66)\r\n\tat io.cucumber.core.runner.PickleStepDefinitionMatch.runStep(PickleStepDefinitionMatch.java:63)\r\n\tat io.cucumber.core.runner.ExecutionMode$1.execute(ExecutionMode.java:10)\r\n\tat io.cucumber.core.runner.TestStep.executeStep(TestStep.java:84)\r\n\tat io.cucumber.core.runner.TestStep.run(TestStep.java:56)\r\n\tat io.cucumber.core.runner.PickleStepTestStep.run(PickleStepTestStep.java:51)\r\n\tat io.cucumber.core.runner.TestCase.run(TestCase.java:84)\r\n\tat io.cucumber.core.runner.Runner.runPickle(Runner.java:75)\r\n\tat io.cucumber.junit.PickleRunners$NoStepDescriptions.lambda$run$0(PickleRunners.java:151)\r\n\tat io.cucumber.core.runtime.CucumberExecutionContext.lambda$runTestCase$5(CucumberExecutionContext.java:130)\r\n\tat io.cucumber.core.runtime.RethrowingThrowableCollector.executeAndThrow(RethrowingThrowableCollector.java:23)\r\n\tat io.cucumber.core.runtime.CucumberExecutionContext.runTestCase(CucumberExecutionContext.java:130)\r\n\tat io.cucumber.junit.PickleRunners$NoStepDescriptions.run(PickleRunners.java:148)\r\n\tat io.cucumber.junit.FeatureRunner.runChild(FeatureRunner.java:144)\r\n\tat io.cucumber.junit.FeatureRunner.runChild(FeatureRunner.java:28)\r\n\tat org.junit.runners.ParentRunner$4.run(ParentRunner.java:331)\r\n\tat org.junit.runners.ParentRunner$1.schedule(ParentRunner.java:79)\r\n\tat org.junit.runners.ParentRunner.runChildren(ParentRunner.java:329)\r\n\tat org.junit.runners.ParentRunner.access$100(ParentRunner.java:66)\r\n\tat org.junit.runners.ParentRunner$2.evaluate(ParentRunner.java:293)\r\n\tat org.junit.runners.ParentRunner$3.evaluate(ParentRunner.java:306)\r\n\tat org.junit.runners.ParentRunner.run(ParentRunner.java:413)\r\n\tat io.cucumber.junit.FeatureRunner.run(FeatureRunner.java:137)\r\n\tat io.cucumber.junit.Cucumber.runChild(Cucumber.java:196)\r\n\tat io.cucumber.junit.Cucumber.runChild(Cucumber.java:89)\r\n\tat org.junit.runners.ParentRunner$4.run(ParentRunner.java:331)\r\n\tat org.junit.runners.ParentRunner$1.schedule(ParentRunner.java:79)\r\n\tat org.junit.runners.ParentRunner.runChildren(ParentRunner.java:329)\r\n\tat org.junit.runners.ParentRunner.access$100(ParentRunner.java:66)\r\n\tat org.junit.runners.ParentRunner$2.evaluate(ParentRunner.java:293)\r\n\tat io.cucumber.junit.Cucumber$RunBeforeAllHooks.evaluate(Cucumber.java:266)\r\n\tat io.cucumber.junit.Cucumber$RunAfterAllHooks.evaluate(Cucumber.java:281)\r\n\tat io.cucumber.junit.Cucumber$StartTestRun.evaluate(Cucumber.java:233)\r\n\tat io.cucumber.junit.Cucumber$FinishTestRun.evaluate(Cucumber.java:248)\r\n\tat org.junit.runners.ParentRunner$3.evaluate(ParentRunner.java:306)\r\n\tat org.junit.runners.ParentRunner.run(ParentRunner.java:413)\r\n\tat org.junit.runner.JUnitCore.run(JUnitCore.java:137)\r\n\tat com.intellij.junit4.JUnit4IdeaTestRunner.startRunnerWithArgs(JUnit4IdeaTestRunner.java:69)\r\n\tat com.intellij.rt.junit.IdeaTestRunner$Repeater$1.execute(IdeaTestRunner.java:38)\r\n\tat com.intellij.rt.execution.junit.TestsRepeater.repeat(TestsRepeater.java:11)\r\n\tat com.intellij.rt.junit.IdeaTestRunner$Repeater.startRunnerWithArgs(IdeaTestRunner.java:35)\r\n\tat com.intellij.rt.junit.JUnitStarter.prepareStreamsAndStart(JUnitStarter.java:235)\r\n\tat com.intellij.rt.junit.JUnitStarter.main(JUnitStarter.java:54)\r\nCaused by: java.lang.reflect.InvocationTargetException\r\n\tat java.base/jdk.internal.reflect.DirectConstructorHandleAccessor.newInstance(DirectConstructorHandleAccessor.java:79)\r\n\tat java.base/java.lang.reflect.Constructor.newInstanceWithCaller(Constructor.java:500)\r\n\tat java.base/java.lang.reflect.Constructor.newInstance(Constructor.java:484)\r\n\tat io.cucumber.core.backend.DefaultObjectFactory.cacheNewInstance(DefaultObjectFactory.java:53)\r\n\t... 46 more\r\nCaused by: org.openqa.selenium.SessionNotCreatedException: Could not start a new session. Response code 500. Message: session not created: This version of ChromeDriver only supports Chrome version 114\nCurrent browser version is 116.0.5845.111 with binary path C:\\Program Files\\Google\\Chrome\\Application\\chrome.exe \nHost info: host: 'DESKTOP-PJ2N82C', ip: '192.168.1.102'\nBuild info: version: '4.8.3', revision: 'e5e76298c3'\nSystem info: os.name: 'Windows 11', os.arch: 'amd64', os.version: '10.0', java.version: '19.0.1'\nDriver info: org.openqa.selenium.chrome.ChromeDriver\nCommand: [null, newSession {capabilities=[Capabilities {browserName: chrome, goog:chromeOptions: {args: [--remote-allow-origins=*], extensions: []}}], desiredCapabilities=Capabilities {browserName: chrome, goog:chromeOptions: {args: [--remote-allow-origins=*], extensions: []}}}]\r\n\tat org.openqa.selenium.remote.ProtocolHandshake.createSession(ProtocolHandshake.java:148)\r\n\tat org.openqa.selenium.remote.ProtocolHandshake.createSession(ProtocolHandshake.java:106)\r\n\tat org.openqa.selenium.remote.ProtocolHandshake.createSession(ProtocolHandshake.java:67)\r\n\tat org.openqa.selenium.remote.HttpCommandExecutor.execute(HttpCommandExecutor.java:165)\r\n\tat org.openqa.selenium.remote.service.DriverCommandExecutor.invokeExecute(DriverCommandExecutor.java:183)\r\n\tat org.openqa.selenium.remote.service.DriverCommandExecutor.execute(DriverCommandExecutor.java:158)\r\n\tat org.openqa.selenium.remote.RemoteWebDriver.execute(RemoteWebDriver.java:543)\r\n\tat org.openqa.selenium.remote.RemoteWebDriver.startSession(RemoteWebDriver.java:229)\r\n\tat org.openqa.selenium.remote.RemoteWebDriver.<init>(RemoteWebDriver.java:157)\r\n\tat org.openqa.selenium.chromium.ChromiumDriver.<init>(ChromiumDriver.java:101)\r\n\tat org.openqa.selenium.chrome.ChromeDriver.<init>(ChromeDriver.java:88)\r\n\tat org.openqa.selenium.chrome.ChromeDriver.<init>(ChromeDriver.java:84)\r\n\tat org.openqa.selenium.chrome.ChromeDriver.<init>(ChromeDriver.java:52)\r\n\tat utilities.Driver.getDriver(Driver.java:32)\r\n\tat pages.KitapPage.<init>(KitapPage.java:9)\r\n\tat stepdefinitions.TC01_StepDefs.<init>(TC01_StepDefs.java:19)\r\n\tat java.base/jdk.internal.reflect.DirectConstructorHandleAccessor.newInstance(DirectConstructorHandleAccessor.java:67)\r\n\t... 49 more\r\n","duration":5208459700,"status":"failed"},"line":4,"name":"kullanici kitapyurdu_url ye gider","match":{"location":"stepdefinitions.TC01_StepDefs.kullaniciKitapyurdu_urlYeGider()"},"keyword":"Given "},{"result":{"duration":2986000,"status":"skipped"},"line":5,"name":"kullanici anasayfanin acildigini dogrular","match":{"location":"stepdefinitions.TC01_StepDefs.kullaniciAnasayfaninAcildiginiDogrular()"},"keyword":"When "},{"result":{"duration":995800,"status":"skipped"},"line":6,"name":"kullanici bir saniye bekler","match":{"location":"stepdefinitions.TC04_KitapYurduHomeStepDefs.kullaniciBirSaniyeBekler()"},"keyword":"And "}]},{"start_timestamp":"2023-08-29T22:53:45.922Z","before":[{"result":{"duration":5009400,"status":"passed"},"match":{"location":"hooks.Hooks.setUpScenarios()"}}],"line":117,"name":"anasayfadaki_gri_arac_cubugundaki_alanlarin_testi","description":"","id":"kullanici-anasayfadaki-fonksiyonlari-kullanabilir;anasayfadaki-gri-arac-cubugundaki-alanlarin-testi","after":[{"result":{"error_message":"org.openqa.selenium.SessionNotCreatedException: Could not start a new session. Response code 500. Message: session not created: This version of ChromeDriver only supports Chrome version 114\nCurrent browser version is 116.0.5845.111 with binary path C:\\Program Files\\Google\\Chrome\\Application\\chrome.exe \nHost info: host: 'DESKTOP-PJ2N82C', ip: '192.168.1.102'\nBuild info: version: '4.8.3', revision: 'e5e76298c3'\nSystem info: os.name: 'Windows 11', os.arch: 'amd64', os.version: '10.0', java.version: '19.0.1'\nDriver info: org.openqa.selenium.chrome.ChromeDriver\nCommand: [null, newSession {capabilities=[Capabilities {browserName: chrome, goog:chromeOptions: {args: [--remote-allow-origins=*], extensions: []}}], desiredCapabilities=Capabilities {browserName: chrome, goog:chromeOptions: {args: [--remote-allow-origins=*], extensions: []}}}]\r\n\tat org.openqa.selenium.remote.ProtocolHandshake.createSession(ProtocolHandshake.java:148)\r\n\tat org.openqa.selenium.remote.ProtocolHandshake.createSession(ProtocolHandshake.java:106)\r\n\tat org.openqa.selenium.remote.ProtocolHandshake.createSession(ProtocolHandshake.java:67)\r\n\tat org.openqa.selenium.remote.HttpCommandExecutor.execute(HttpCommandExecutor.java:165)\r\n\tat org.openqa.selenium.remote.service.DriverCommandExecutor.invokeExecute(DriverCommandExecutor.java:183)\r\n\tat org.openqa.selenium.remote.service.DriverCommandExecutor.execute(DriverCommandExecutor.java:158)\r\n\tat org.openqa.selenium.remote.RemoteWebDriver.execute(RemoteWebDriver.java:543)\r\n\tat org.openqa.selenium.remote.RemoteWebDriver.startSession(RemoteWebDriver.java:229)\r\n\tat org.openqa.selenium.remote.RemoteWebDriver.<init>(RemoteWebDriver.java:157)\r\n\tat org.openqa.selenium.chromium.ChromiumDriver.<init>(ChromiumDriver.java:101)\r\n\tat org.openqa.selenium.chrome.ChromeDriver.<init>(ChromeDriver.java:88)\r\n\tat org.openqa.selenium.chrome.ChromeDriver.<init>(ChromeDriver.java:84)\r\n\tat org.openqa.selenium.chrome.ChromeDriver.<init>(ChromeDriver.java:52)\r\n\tat utilities.Driver.getDriver(Driver.java:32)\r\n\tat hooks.Hooks.tearDownScenarios(Hooks.java:25)\r\n","duration":3442593600,"status":"failed"},"match":{"location":"hooks.Hooks.tearDownScenarios(io.cucumber.java.Scenario)"}}],"type":"scenario","keyword":"Scenario","steps":[{"result":{"status":"skipped"},"line":118,"name":"kullanici dergi linkine tiklar","match":{"location":"stepdefinitions.TC05_KitapYurduHome02StepDefs.kullaniciDergiLinkineTiklar()"},"keyword":"Given "},{"result":{"duration":2993400,"status":"skipped"},"line":119,"name":"kullanici dergi ile ilgili alanlarin acildigini dogrular","match":{"location":"stepdefinitions.TC05_KitapYurduHome02StepDefs.kullaniciDergiIleIlgiliAlanlarinAcildiginiDogrular()"},"keyword":"When "},{"result":{"duration":1012700,"status":"skipped"},"line":120,"name":"kullanici hobi_oyuncak linkine tiklar","match":{"location":"stepdefinitions.TC05_KitapYurduHome02StepDefs.kullaniciHobi_oyuncakLinkineTiklar()"},"keyword":"And "},{"result":{"duration":4025600,"status":"skipped"},"line":121,"name":"kullanici hobi_oyuncak ile ilgili alanlarin acildigini dogrular","match":{"location":"stepdefinitions.TC05_KitapYurduHome02StepDefs.kullaniciHobi_oyuncakIleIlgiliAlanlarinAcildiginiDogrular()"},"keyword":"And "},{"result":{"duration":1003500,"status":"skipped"},"line":122,"name":"kullanici kirtasiye linkine tiklar","match":{"location":"stepdefinitions.TC05_KitapYurduHome02StepDefs.kullaniciKirtasiyeLinkineTiklar()"},"keyword":"And "},{"result":{"duration":997400,"status":"skipped"},"line":123,"name":"kullanici kirtasiye ile ilgili alanlarin acildigini dogrular","match":{"location":"stepdefinitions.TC05_KitapYurduHome02StepDefs.kullaniciKirtasiyeIleIlgiliAlanlarinAcildiginiDogrular()"},"keyword":"And "},{"result":{"status":"skipped"},"line":124,"name":"kullanici kirkambar linkine tiklar","match":{"location":"stepdefinitions.TC05_KitapYurduHome02StepDefs.kullaniciKirkambarLinkineTiklar()"},"keyword":"And "},{"result":{"status":"skipped"},"line":125,"name":"kullanici temali ve lisansli urunler alaninin acildigini dogrular","match":{"location":"stepdefinitions.TC05_KitapYurduHome02StepDefs.kullaniciTemaliVeLisansliUrunlerAlanininAcildiginiDogrular()"},"keyword":"And "},{"result":{"status":"skipped"},"line":126,"name":"kullanici tum kategoriler linkine tiklar","match":{"location":"stepdefinitions.TC05_KitapYurduHome02StepDefs.kullaniciTumKategorilerLinkineTiklar()"},"keyword":"And "},{"result":{"duration":994500,"status":"skipped"},"line":127,"name":"kullanici tum kategori seceneklerinin gorunur oldugunu dogrular","match":{"location":"stepdefinitions.TC05_KitapYurduHome02StepDefs.kullaniciTumKategoriSeceneklerininGorunurOldugunuDogrular()"},"keyword":"And "},{"result":{"status":"skipped"},"line":128,"name":"kullanici kampanyalar linkine tiklar","match":{"location":"stepdefinitions.TC05_KitapYurduHome02StepDefs.kullaniciKampanyalarLinkineTiklar()"},"keyword":"And "},{"result":{"duration":999300,"status":"skipped"},"line":129,"name":"kullanici one cikan kampanyalari goruntuler","match":{"location":"stepdefinitions.TC05_KitapYurduHome02StepDefs.kullaniciOneCikanKampanyalariGoruntuler()"},"keyword":"And "},{"result":{"status":"skipped"},"line":130,"name":"kullanici puan katalogu linkine tiklar","match":{"location":"stepdefinitions.TC05_KitapYurduHome02StepDefs.kullaniciPuanKataloguLinkineTiklar()"},"keyword":"And "},{"result":{"status":"skipped"},"line":131,"name":"kullanici puan katalogu sayfasinin acildigini dogrular","match":{"location":"stepdefinitions.TC05_KitapYurduHome02StepDefs.kullaniciPuanKataloguSayfasininAcildiginiDogrular()"},"keyword":"When "},{"result":{"duration":2002000,"status":"skipped"},"line":132,"name":"kullanici sayfayi kapatir","match":{"location":"stepdefinitions.TC01_StepDefs.kullaniciSayfayiKapatir()"},"keyword":"Then "}],"tags":[{"name":"@gri_alan_testi"}]}],"name":"kullanici_anasayfadaki_fonksiyonlari_kullanabilir","description":"","id":"kullanici-anasayfadaki-fonksiyonlari-kullanabilir","keyword":"Feature","uri":"file:src/test/resources/features/kitapyurduHome.feature","tags":[]}]